Using pre-set license
Built from '2020.3/staging' branch; Version is '2020.3.3f1 (76626098c1c4) revision 7758432'; Using compiler version '192528614'; Build Type 'Release'
OS: 'Windows 10 Home Single Language; OS build 19043.1165; Version 2009; 64bit' Language: 'en' Physical Memory: 20322 MB
BatchMode: 1, IsHumanControllingUs: 0, StartBugReporterOnCrash: 0, Is64bit: 1, IsPro: 0

 COMMAND LINE ARGUMENTS:
D:\Unity\2020.3.3f1\Editor\Unity.exe
-adb2
-batchMode
-noUpm
-name
AssetImportWorker0
-projectPath
E:/Game Development/Save Your Light 3d/Game
-logFile
Logs/AssetImportWorker0.log
-srvPort
52554
Successfully changed project path to: E:/Game Development/Save Your Light 3d/Game
E:/Game Development/Save Your Light 3d/Game
Using Asset Import Pipeline V2.
Refreshing native plugins compatible for Editor in 21.45 ms, found 0 plugins.
Preloading 0 native plugins for Editor in 0.00 ms.
Initialize engine version: 2020.3.3f1 (76626098c1c4)
[Subsystems] Discovering subsystems at path D:/Unity/2020.3.3f1/Editor/Data/Resources/UnitySubsystems
[Subsystems] Discovering subsystems at path E:/Game Development/Save Your Light 3d/Game/Assets
GfxDevice: creating device client; threaded=0
Direct3D:
    Version:  Direct3D 11.0 [level 11.1]
    Renderer: NVIDIA GeForce GTX 1060 (ID=0x1c20)
    Vendor:   
    VRAM:     6052 MB
    Driver:   30.0.14.7168
Initialize mono
Mono path[0] = 'D:/Unity/2020.3.3f1/Editor/Data/Managed'
Mono path[1] = 'D:/Unity/2020.3.3f1/Editor/Data/MonoBleedingEdge/lib/mono/unityjit'
Mono config path = 'D:/Unity/2020.3.3f1/Editor/Data/MonoBleedingEdge/etc'
Using monoOptions --debugger-agent=transport=dt_socket,embedding=1,server=y,suspend=n,address=127.0.0.1:56580
Begin MonoManager ReloadAssembly
Registering precompiled unity dll's ...
Register platform support module: D:/Unity/2020.3.3f1/Editor/Data/PlaybackEngines/WindowsStandaloneSupport/UnityEditor.WindowsStandalone.Extensions.dll
Registered in 0.001240 seconds.
Native extension for WindowsStandalone target not found
Refreshing native plugins compatible for Editor in 21.78 ms, found 0 plugins.
Preloading 0 native plugins for Editor in 0.00 ms.
Invoked RoslynAnalysisRunner static constructor.
RoslynAnalysisRunner will not be running.
RoslynAnalysisRunner has terminated.
Mono: successfully reloaded assembly
- Completed reload, in  1.286 seconds
Platform modules already initialized, skipping
Registering precompiled user dll's ...
Registered in 0.000623 seconds.
Begin MonoManager ReloadAssembly
Native extension for WindowsStandalone target not found
Refreshing native plugins compatible for Editor in 0.20 ms, found 0 plugins.
Preloading 0 native plugins for Editor in 0.00 ms.
Invoked RoslynAnalysisRunner static constructor.
RoslynAnalysisRunner will not be running.
RoslynAnalysisRunner has terminated.
Mono: successfully reloaded assembly
- Completed reload, in  0.870 seconds
Platform modules already initialized, skipping
========================================================================
Worker process is ready to serve import requests
Launched and connected shader compiler UnityShaderCompiler.exe after 0.20 seconds
Refreshing native plugins compatible for Editor in 0.24 ms, found 0 plugins.
Preloading 0 native plugins for Editor in 0.00 ms.
Unloading 1121 Unused Serialized files (Serialized files now loaded: 0)
System memory in use before: 58.7 MB.
System memory in use after: 58.7 MB.

Unloading 9 unused Assets to reduce memory usage. Loaded Objects now: 1565.
Total: 5.107700 ms (FindLiveObjects: 0.336700 ms CreateObjectMapping: 0.137800 ms MarkObjects: 4.455400 ms  DeleteObjects: 0.175700 ms)

========================================================================
Received Import Request.
  path: Assets/Materials/Target.mat
  artifactKey: Guid(f30b5874d866443a09587129155dd161) Importer(815301076,1909f56bfc062723c751e8b465ee728b)
Start importing Assets/Materials/Target.mat using Guid(f30b5874d866443a09587129155dd161) Importer(815301076,1909f56bfc062723c751e8b465ee728b)  -> (artifact id: '72277a5154c962b4af486370507a1a36') in 0.296887 seconds
  Import took 0.299823 seconds .

========================================================================
Received Import Request.
  Time since last request: 0.000511 seconds.
  path: Assets/Materials/Ground.mat
  artifactKey: Guid(d9b8f04bea14f4decbe5c03f0412175c) Importer(815301076,1909f56bfc062723c751e8b465ee728b)
Start importing Assets/Materials/Ground.mat using Guid(d9b8f04bea14f4decbe5c03f0412175c) Importer(815301076,1909f56bfc062723c751e8b465ee728b)  -> (artifact id: 'b54878c12f8129bc8d68764e12ee8a48') in 0.017606 seconds
  Import took 0.020217 seconds .

========================================================================
Received Import Request.
  Time since last request: 0.000264 seconds.
  path: Assets/Materials/Target Detect.mat
  artifactKey: Guid(cd2b79d8283b6b14f82beac4ed4c1dba) Importer(815301076,1909f56bfc062723c751e8b465ee728b)
Start importing Assets/Materials/Target Detect.mat using Guid(cd2b79d8283b6b14f82beac4ed4c1dba) Importer(815301076,1909f56bfc062723c751e8b465ee728b)  -> (artifact id: '2aabb3d67c798cdd2ed8556b6bc334ea') in 0.090112 seconds
  Import took 0.093571 seconds .

========================================================================
Received Import Request.
  Time since last request: 0.000309 seconds.
  path: Assets/Materials/Guard.mat
  artifactKey: Guid(65eaff7ae32274d449abedbdb5064e43) Importer(815301076,1909f56bfc062723c751e8b465ee728b)
Start importing Assets/Materials/Guard.mat using Guid(65eaff7ae32274d449abedbdb5064e43) Importer(815301076,1909f56bfc062723c751e8b465ee728b)  -> (artifact id: '947e028b8d86b2133d0b1e5a589a8745') in 0.015716 seconds
  Import took 0.020270 seconds .

========================================================================
Received Import Request.
  Time since last request: 0.000643 seconds.
  path: Assets/Materials/View Visualisation.mat
  artifactKey: Guid(f46c34b33aad37544a4ad5e441cd5535) Importer(815301076,1909f56bfc062723c751e8b465ee728b)
Start importing Assets/Materials/View Visualisation.mat using Guid(f46c34b33aad37544a4ad5e441cd5535) Importer(815301076,1909f56bfc062723c751e8b465ee728b)  -> (artifact id: '4f6ee35c8c429998f27387d11d24dadd') in 0.017209 seconds
  Import took 0.019912 seconds .

========================================================================
Received Import Request.
  Time since last request: 0.000248 seconds.
  path: Assets/Materials/Obstacle.mat
  artifactKey: Guid(08e974e493762463994fd979cbf3770a) Importer(815301076,1909f56bfc062723c751e8b465ee728b)
Start importing Assets/Materials/Obstacle.mat using Guid(08e974e493762463994fd979cbf3770a) Importer(815301076,1909f56bfc062723c751e8b465ee728b)  -> (artifact id: 'ef2994b129e99141c7dceaedbe1cce45') in 0.019255 seconds
  Import took 0.021548 seconds .

AssetImportWorkerClient::OnTransportError - code=2 error=End of file
